#
# There is insufficient memory for the Java Runtime Environment to continue.
# Native memory allocation (malloc) failed to allocate 310736 bytes for Chunk::new
# Possible reasons:
#   The system is out of physical RAM or swap space
#   The process is running with CompressedOops enabled, and the Java Heap may be blocking the growth of the native heap
# Possible solutions:
#   Reduce memory load on the system
#   Increase physical memory or swap space
#   Check if swap backing store is full
#   Decrease Java heap size (-Xmx/-Xms)
#   Decrease number of Java threads
#   Decrease Java thread stack sizes (-Xss)
#   Set larger code cache with -XX:ReservedCodeCacheSize=
#   JVM is running with Zero Based Compressed Oops mode in which the Java heap is
#     placed in the first 32GB address space. The Java Heap base address is the
#     maximum limit for the native heap growth. Please use -XX:HeapBaseMinAddress
#     to set the Java Heap base and to place the Java Heap above 32GB virtual address.
# This output file may be truncated or incomplete.
#
#  Out of Memory Error (arena.cpp:189), pid=19292, tid=23952
#
# JRE version: OpenJDK Runtime Environment (17.0.6) (build 17.0.6+0-b2043.56-10027231)
# Java VM: OpenJDK 64-Bit Server VM (17.0.6+0-b2043.56-10027231, mixed mode, tiered, compressed oops, compressed class ptrs, g1 gc, windows-amd64)
# No core dump will be written. Minidumps are not enabled by default on client versions of Windows
#

---------------  S U M M A R Y ------------

Command Line: org.jetbrains.kotlin.cli.jvm.K2JVMCompiler @D:\Users\frank\AndroidStudioProjects\Madoh\app\build\20231126_3974421120958959564.compiler.options

Host: 11th Gen Intel(R) Core(TM) i5-1135G7 @ 2.40GHz, 8 cores, 11G,  Windows 11 , 64 bit Build 22621 (10.0.22621.1037)
Time: Sun Nov 26 09:19:55 2023 E. Africa Standard Time elapsed time: 0.506705 seconds (0d 0h 0m 0s)

---------------  T H R E A D  ---------------

Current thread (0x00000257798707f0):  JavaThread "C2 CompilerThread0" daemon [_thread_in_native, id=23952, stack(0x0000009637f00000,0x0000009638000000)]


Current CompileTask:
C2:    506  734   !   4       java.util.zip.ZipFile$Source::getEntryPos (173 bytes)

Stack: [0x0000009637f00000,0x0000009638000000]
Native frames: (J=compiled Java code, j=interpreted, Vv=VM code, C=native code)
V  [jvm.dll+0x683c9a]
V  [jvm.dll+0x8427a4]
V  [jvm.dll+0x843f9e]
V  [jvm.dll+0x844603]
V  [jvm.dll+0x249b75]
V  [jvm.dll+0xabcac]
V  [jvm.dll+0xac27c]
V  [jvm.dll+0x2b0eef]
V  [jvm.dll+0x58a267]
V  [jvm.dll+0x2243b2]
V  [jvm.dll+0x22478f]
V  [jvm.dll+0x21e055]
V  [jvm.dll+0x21b51b]
V  [jvm.dll+0x1a4fdd]
V  [jvm.dll+0x22b098]
V  [jvm.dll+0x229159]
V  [jvm.dll+0x7f81ec]
V  [jvm.dll+0x7f274a]
V  [jvm.dll+0x682ad5]
C  [ucrtbase.dll+0x29363]
C  [KERNEL32.DLL+0x126bd]
C  [ntdll.dll+0x5dfb8]


---------------  P R O C E S S  ---------------

Threads class SMR info:
_java_thread_list=0x0000025779a80e10, length=13, elements={
0x000002575cb8ccb0, 0x0000025778e41fa0, 0x0000025778e44790, 0x000002577986cfc0,
0x000002577986d970, 0x000002577986e530, 0x000002577986f4f0, 0x00000257798707f0,
0x00000257798715f0, 0x0000025779871fe0, 0x00000257799e4960, 0x00000257799e57d0,
0x0000025779a7f320
}

Java Threads: ( => current thread )
  0x000002575cb8ccb0 JavaThread "main" [_thread_in_vm, id=20468, stack(0x0000009637200000,0x0000009637300000)]
  0x0000025778e41fa0 JavaThread "Reference Handler" daemon [_thread_blocked, id=28460, stack(0x0000009637900000,0x0000009637a00000)]
  0x0000025778e44790 JavaThread "Finalizer" daemon [_thread_blocked, id=25332, stack(0x0000009637a00000,0x0000009637b00000)]
  0x000002577986cfc0 JavaThread "Signal Dispatcher" daemon [_thread_blocked, id=17192, stack(0x0000009637b00000,0x0000009637c00000)]
  0x000002577986d970 JavaThread "Attach Listener" daemon [_thread_blocked, id=26388, stack(0x0000009637c00000,0x0000009637d00000)]
  0x000002577986e530 JavaThread "Service Thread" daemon [_thread_blocked, id=26744, stack(0x0000009637d00000,0x0000009637e00000)]
  0x000002577986f4f0 JavaThread "Monitor Deflation Thread" daemon [_thread_blocked, id=8236, stack(0x0000009637e00000,0x0000009637f00000)]
=>0x00000257798707f0 JavaThread "C2 CompilerThread0" daemon [_thread_in_native, id=23952, stack(0x0000009637f00000,0x0000009638000000)]
  0x00000257798715f0 JavaThread "C1 CompilerThread0" daemon [_thread_blocked, id=21844, stack(0x0000009638000000,0x0000009638100000)]
  0x0000025779871fe0 JavaThread "Sweeper thread" daemon [_thread_blocked, id=13552, stack(0x0000009638100000,0x0000009638200000)]
  0x00000257799e4960 JavaThread "Notification Thread" daemon [_thread_blocked, id=27244, stack(0x0000009638200000,0x0000009638300000)]
  0x00000257799e57d0 JavaThread "Common-Cleaner" daemon [_thread_blocked, id=9364, stack(0x0000009638400000,0x0000009638500000)]
  0x0000025779a7f320 JavaThread "C2 CompilerThread1" daemon [_thread_in_native, id=11724, stack(0x0000009638500000,0x0000009638600000)]

Other Threads:
  0x0000025778e07e00 VMThread "VM Thread" [stack: 0x0000009637800000,0x0000009637900000] [id=11940]
  0x000002575cbfce20 WatcherThread [stack: 0x0000009638300000,0x0000009638400000] [id=16636]
  0x000002575cbe6d90 GCTaskThread "GC Thread#0" [stack: 0x0000009637300000,0x0000009637400000] [id=22620]
  0x0000025779fa6c10 GCTaskThread "GC Thread#1" [stack: 0x0000009638600000,0x0000009638700000] [id=27576]
  0x0000025779f87130 GCTaskThread "GC Thread#2" [stack: 0x0000009638700000,0x0000009638800000] [id=20392]
  0x000002577a026050 GCTaskThread "GC Thread#3" [stack: 0x0000009638800000,0x0000009638900000] [id=1092]
  0x000002577a0345e0 GCTaskThread "GC Thread#4" [stack: 0x0000009638900000,0x0000009638a00000] [id=2252]
  0x000002575cbf39a0 ConcurrentGCThread "G1 Main Marker" [stack: 0x0000009637400000,0x0000009637500000] [id=21708]
  0x000002575cbf5920 ConcurrentGCThread "G1 Conc#0" [stack: 0x0000009637500000,0x0000009637600000] [id=15596]
  0x0000025778cc30d0 ConcurrentGCThread "G1 Refine#0" [stack: 0x0000009637600000,0x0000009637700000] [id=20964]
  0x0000025778cc3af0 ConcurrentGCThread "G1 Service" [stack: 0x0000009637700000,0x0000009637800000] [id=12472]

Threads with active compile tasks:
C2 CompilerThread0      520  734   !   4       java.util.zip.ZipFile$Source::getEntryPos (173 bytes)
C2 CompilerThread1      520  737   !   4       java.util.zip.ZipFile::getEntry (59 bytes)

VM state: not at safepoint (normal execution)

VM Mutex/Monitor currently owned by a thread: None

Heap address: 0x0000000743200000, size: 3022 MB, Compressed Oops mode: Zero based, Oop shift amount: 3

CDS archive(s) not mapped
Compressed class space mapped at: 0x0000000800000000-0x0000000840000000, reserved size: 1073741824
Narrow klass base: 0x0000000800000000, Narrow klass shift: 0, Narrow klass range: 0x40000000

GC Precious Log:
 CPUs: 8 total, 8 available
 Memory: 12087M
 Large Page Support: Disabled
 NUMA Support: Disabled
 Compressed Oops: Enabled (Zero based)
 Heap Region Size: 2M
 Heap Min Capacity: 8M
 Heap Initial Capacity: 190M
 Heap Max Capacity: 3022M
 Pre-touch: Disabled
 Parallel Workers: 8
 Concurrent Workers: 2
 Concurrent Refinement Workers: 8
 Periodic GC: Disabled

Heap:
 garbage-first heap   total 194560K, used 12928K [0x0000000743200000, 0x0000000800000000)
  region size 2048K, 6 young (12288K), 2 survivors (4096K)
 Metaspace       used 14032K, committed 14208K, reserved 1064960K
  class space    used 1364K, committed 1472K, reserved 1048576K

Heap Regions: E=young(eden), S=young(survivor), O=old, HS=humongous(starts), HC=humongous(continues), CS=collection set, F=free, OA=open archive, CA=closed archive, TAMS=top-at-mark-start (previous, next)
|   0|0x0000000743200000, 0x0000000743400000, 0x0000000743400000|100%|HS|  |TAMS 0x0000000743200000, 0x0000000743200000| Complete 
|   1|0x0000000743400000, 0x0000000743600000, 0x0000000743600000|100%|HC|  |TAMS 0x0000000743400000, 0x0000000743400000| Complete 
|   2|0x0000000743600000, 0x0000000743600000, 0x0000000743800000|  0%| F|  |TAMS 0x0000000743600000, 0x0000000743600000| Untracked 
|   3|0x0000000743800000, 0x0000000743800000, 0x0000000743a00000|  0%| F|  |TAMS 0x0000000743800000, 0x0000000743800000| Untracked 
|   4|0x0000000743a00000, 0x0000000743a00000, 0x0000000743c00000|  0%| F|  |TAMS 0x0000000743a00000, 0x0000000743a00000| Untracked 
|   5|0x0000000743c00000, 0x0000000743c00000, 0x0000000743e00000|  0%| F|  |TAMS 0x0000000743c00000, 0x0000000743c00000| Untracked 
|   6|0x0000000743e00000, 0x0000000743e00000, 0x0000000744000000|  0%| F|  |TAMS 0x0000000743e00000, 0x0000000743e00000| Untracked 
|   7|0x0000000744000000, 0x0000000744000000, 0x0000000744200000|  0%| F|  |TAMS 0x0000000744000000, 0x0000000744000000| Untracked 
|   8|0x0000000744200000, 0x0000000744200000, 0x0000000744400000|  0%| F|  |TAMS 0x0000000744200000, 0x0000000744200000| Untracked 
|   9|0x0000000744400000, 0x0000000744400000, 0x0000000744600000|  0%| F|  |TAMS 0x0000000744400000, 0x0000000744400000| Untracked 
|  10|0x0000000744600000, 0x0000000744600000, 0x0000000744800000|  0%| F|  |TAMS 0x0000000744600000, 0x0000000744600000| Untracked 
|  11|0x0000000744800000, 0x0000000744800000, 0x0000000744a00000|  0%| F|  |TAMS 0x0000000744800000, 0x0000000744800000| Untracked 
|  12|0x0000000744a00000, 0x0000000744a00000, 0x0000000744c00000|  0%| F|  |TAMS 0x0000000744a00000, 0x0000000744a00000| Untracked 
|  13|0x0000000744c00000, 0x0000000744c00000, 0x0000000744e00000|  0%| F|  |TAMS 0x0000000744c00000, 0x0000000744c00000| Untracked 
|  14|0x0000000744e00000, 0x0000000744e00000, 0x0000000745000000|  0%| F|  |TAMS 0x0000000744e00000, 0x0000000744e00000| Untracked 
|  15|0x0000000745000000, 0x0000000745000000, 0x0000000745200000|  0%| F|  |TAMS 0x0000000745000000, 0x0000000745000000| Untracked 
|  16|0x0000000745200000, 0x0000000745200000, 0x0000000745400000|  0%| F|  |TAMS 0x0000000745200000, 0x0000000745200000| Untracked 
|  17|0x0000000745400000, 0x0000000745400000, 0x0000000745600000|  0%| F|  |TAMS 0x0000000745400000, 0x0000000745400000| Untracked 
|  18|0x0000000745600000, 0x0000000745600000, 0x0000000745800000|  0%| F|  |TAMS 0x0000000745600000, 0x0000000745600000| Untracked 
|  19|0x0000000745800000, 0x0000000745800000, 0x0000000745a00000|  0%| F|  |TAMS 0x0000000745800000, 0x0000000745800000| Untracked 
|  20|0x0000000745a00000, 0x0000000745a00000, 0x0000000745c00000|  0%| F|  |TAMS 0x0000000745a00000, 0x0000000745a00000| Untracked 
|  21|0x0000000745c00000, 0x0000000745c00000, 0x0000000745e00000|  0%| F|  |TAMS 0x0000000745c00000, 0x0000000745c00000| Untracked 
|  22|0x0000000745e00000, 0x0000000745e00000, 0x0000000746000000|  0%| F|  |TAMS 0x0000000745e00000, 0x0000000745e00000| Untracked 
|  23|0x0000000746000000, 0x0000000746000000, 0x0000000746200000|  0%| F|  |TAMS 0x0000000746000000, 0x0000000746000000| Untracked 
|  24|0x0000000746200000, 0x0000000746200000, 0x0000000746400000|  0%| F|  |TAMS 0x0000000746200000, 0x0000000746200000| Untracked 
|  25|0x0000000746400000, 0x0000000746400000, 0x0000000746600000|  0%| F|  |TAMS 0x0000000746400000, 0x0000000746400000| Untracked 
|  26|0x0000000746600000, 0x0000000746600000, 0x0000000746800000|  0%| F|  |TAMS 0x0000000746600000, 0x0000000746600000| Untracked 
|  27|0x0000000746800000, 0x0000000746800000, 0x0000000746a00000|  0%| F|  |TAMS 0x0000000746800000, 0x0000000746800000| Untracked 
|  28|0x0000000746a00000, 0x0000000746a00000, 0x0000000746c00000|  0%| F|  |TAMS 0x0000000746a00000, 0x0000000746a00000| Untracked 
|  29|0x0000000746c00000, 0x0000000746c00000, 0x0000000746e00000|  0%| F|  |TAMS 0x0000000746c00000, 0x0000000746c00000| Untracked 
|  30|0x0000000746e00000, 0x0000000746e00000, 0x0000000747000000|  0%| F|  |TAMS 0x0000000746e00000, 0x0000000746e00000| Untracked 
|  31|0x0000000747000000, 0x0000000747000000, 0x0000000747200000|  0%| F|  |TAMS 0x0000000747000000, 0x0000000747000000| Untracked 
|  32|0x0000000747200000, 0x0000000747200000, 0x0000000747400000|  0%| F|  |TAMS 0x0000000747200000, 0x0000000747200000| Untracked 
|  33|0x0000000747400000, 0x0000000747400000, 0x0000000747600000|  0%| F|  |TAMS 0x0000000747400000, 0x0000000747400000| Untracked 
|  34|0x0000000747600000, 0x0000000747600000, 0x0000000747800000|  0%| F|  |TAMS 0x0000000747600000, 0x0000000747600000| Untracked 
|  35|0x0000000747800000, 0x0000000747800000, 0x0000000747a00000|  0%| F|  |TAMS 0x0000000747800000, 0x0000000747800000| Untracked 
|  36|0x0000000747a00000, 0x0000000747a00000, 0x0000000747c00000|  0%| F|  |TAMS 0x0000000747a00000, 0x0000000747a00000| Untracked 
|  37|0x0000000747c00000, 0x0000000747c00000, 0x0000000747e00000|  0%| F|  |TAMS 0x0000000747c00000, 0x0000000747c00000| Untracked 
|  38|0x0000000747e00000, 0x0000000747e00000, 0x0000000748000000|  0%| F|  |TAMS 0x0000000747e00000, 0x0000000747e00000| Untracked 
|  39|0x0000000748000000, 0x0000000748000000, 0x0000000748200000|  0%| F|  |TAMS 0x0000000748000000, 0x0000000748000000| Untracked 
|  40|0x0000000748200000, 0x0000000748200000, 0x0000000748400000|  0%| F|  |TAMS 0x0000000748200000, 0x0000000748200000| Untracked 
|  41|0x0000000748400000, 0x0000000748400000, 0x0000000748600000|  0%| F|  |TAMS 0x0000000748400000, 0x0000000748400000| Untracked 
|  42|0x0000000748600000, 0x0000000748600000, 0x0000000748800000|  0%| F|  |TAMS 0x0000000748600000, 0x0000000748600000| Untracked 
|  43|0x0000000748800000, 0x0000000748800000, 0x0000000748a00000|  0%| F|  |TAMS 0x0000000748800000, 0x0000000748800000| Untracked 
|  44|0x0000000748a00000, 0x0000000748a00000, 0x0000000748c00000|  0%| F|  |TAMS 0x0000000748a00000, 0x0000000748a00000| Untracked 
|  45|0x0000000748c00000, 0x0000000748c00000, 0x0000000748e00000|  0%| F|  |TAMS 0x0000000748c00000, 0x0000000748c00000| Untracked 
|  46|0x0000000748e00000, 0x0000000748e00000, 0x0000000749000000|  0%| F|  |TAMS 0x0000000748e00000, 0x0000000748e00000| Untracked 
|  47|0x0000000749000000, 0x0000000749000000, 0x0000000749200000|  0%| F|  |TAMS 0x0000000749000000, 0x0000000749000000| Untracked 
|  48|0x0000000749200000, 0x0000000749200000, 0x0000000749400000|  0%| F|  |TAMS 0x0000000749200000, 0x0000000749200000| Untracked 
|  49|0x0000000749400000, 0x0000000749400000, 0x0000000749600000|  0%| F|  |TAMS 0x0000000749400000, 0x0000000749400000| Untracked 
|  50|0x0000000749600000, 0x0000000749600000, 0x0000000749800000|  0%| F|  |TAMS 0x0000000749600000, 0x0000000749600000| Untracked 
|  51|0x0000000749800000, 0x0000000749800000, 0x0000000749a00000|  0%| F|  |TAMS 0x0000000749800000, 0x0000000749800000| Untracked 
|  52|0x0000000749a00000, 0x0000000749a00000, 0x0000000749c00000|  0%| F|  |TAMS 0x0000000749a00000, 0x0000000749a00000| Untracked 
|  53|0x0000000749c00000, 0x0000000749c00000, 0x0000000749e00000|  0%| F|  |TAMS 0x0000000749c00000, 0x0000000749c00000| Untracked 
|  54|0x0000000749e00000, 0x0000000749e00000, 0x000000074a000000|  0%| F|  |TAMS 0x0000000749e00000, 0x0000000749e00000| Untracked 
|  55|0x000000074a000000, 0x000000074a000000, 0x000000074a200000|  0%| F|  |TAMS 0x000000074a000000, 0x000000074a000000| Untracked 
|  56|0x000000074a200000, 0x000000074a200000, 0x000000074a400000|  0%| F|  |TAMS 0x000000074a200000, 0x000000074a200000| Untracked 
|  57|0x000000074a400000, 0x000000074a400000, 0x000000074a600000|  0%| F|  |TAMS 0x000000074a400000, 0x000000074a400000| Untracked 
|  58|0x000000074a600000, 0x000000074a600000, 0x000000074a800000|  0%| F|  |TAMS 0x000000074a600000, 0x000000074a600000| Untracked 
|  59|0x000000074a800000, 0x000000074a800000, 0x000000074aa00000|  0%| F|  |TAMS 0x000000074a800000, 0x000000074a800000| Untracked 
|  60|0x000000074aa00000, 0x000000074aa00000, 0x000000074ac00000|  0%| F|  |TAMS 0x000000074aa00000, 0x000000074aa00000| Untracked 
|  61|0x000000074ac00000, 0x000000074ac00000, 0x000000074ae00000|  0%| F|  |TAMS 0x000000074ac00000, 0x000000074ac00000| Untracked 
|  62|0x000000074ae00000, 0x000000074ae00000, 0x000000074b000000|  0%| F|  |TAMS 0x000000074ae00000, 0x000000074ae00000| Untracked 
|  63|0x000000074b000000, 0x000000074b000000, 0x000000074b200000|  0%| F|  |TAMS 0x000000074b000000, 0x000000074b000000| Untracked 
|  64|0x000000074b200000, 0x000000074b200000, 0x000000074b400000|  0%| F|  |TAMS 0x000000074b200000, 0x000000074b200000| Untracked 
|  65|0x000000074b400000, 0x000000074b400000, 0x000000074b600000|  0%| F|  |TAMS 0x000000074b400000, 0x000000074b400000| Untracked 
|  66|0x000000074b600000, 0x000000074b600000, 0x000000074b800000|  0%| F|  |TAMS 0x000000074b600000, 0x000000074b600000| Untracked 
|  67|0x000000074b800000, 0x000000074b800000, 0x000000074ba00000|  0%| F|  |TAMS 0x000000074b800000, 0x000000074b800000| Untracked 
|  68|0x000000074ba00000, 0x000000074ba00000, 0x000000074bc00000|  0%| F|  |TAMS 0x000000074ba00000, 0x000000074ba00000| Untracked 
|  69|0x000000074bc00000, 0x000000074bc00000, 0x000000074be00000|  0%| F|  |TAMS 0x000000074bc00000, 0x000000074bc00000| Untracked 
|  70|0x000000074be00000, 0x000000074be00000, 0x000000074c000000|  0%| F|  |TAMS 0x000000074be00000, 0x000000074be00000| Untracked 
|  71|0x000000074c000000, 0x000000074c000000, 0x000000074c200000|  0%| F|  |TAMS 0x000000074c000000, 0x000000074c000000| Untracked 
|  72|0x000000074c200000, 0x000000074c200000, 0x000000074c400000|  0%| F|  |TAMS 0x000000074c200000, 0x000000074c200000| Untracked 
|  73|0x000000074c400000, 0x000000074c400000, 0x000000074c600000|  0%| F|  |TAMS 0x000000074c400000, 0x000000074c400000| Untracked 
|  74|0x000000074c600000, 0x000000074c600000, 0x000000074c800000|  0%| F|  |TAMS 0x000000074c600000, 0x000000074c600000| Untracked 
|  75|0x000000074c800000, 0x000000074c800000, 0x000000074ca00000|  0%| F|  |TAMS 0x000000074c800000, 0x000000074c800000| Untracked 
|  76|0x000000074ca00000, 0x000000074ca00000, 0x000000074cc00000|  0%| F|  |TAMS 0x000000074ca00000, 0x000000074ca00000| Untracked 
|  77|0x000000074cc00000, 0x000000074cc00000, 0x000000074ce00000|  0%| F|  |TAMS 0x000000074cc00000, 0x000000074cc00000| Untracked 
|  78|0x000000074ce00000, 0x000000074ce00000, 0x000000074d000000|  0%| F|  |TAMS 0x000000074ce00000, 0x000000074ce00000| Untracked 
|  79|0x000000074d000000, 0x000000074d000000, 0x000000074d200000|  0%| F|  |TAMS 0x000000074d000000, 0x000000074d000000| Untracked 
|  80|0x000000074d200000, 0x000000074d200000, 0x000000074d400000|  0%| F|  |TAMS 0x000000074d200000, 0x000000074d200000| Untracked 
|  81|0x000000074d400000, 0x000000074d400000, 0x000000074d600000|  0%| F|  |TAMS 0x000000074d400000, 0x000000074d400000| Untracked 
|  82|0x000000074d600000, 0x000000074d6a0000, 0x000000074d800000| 31%| S|CS|TAMS 0x000000074d600000, 0x000000074d600000| Complete 
|  83|0x000000074d800000, 0x000000074da00000, 0x000000074da00000|100%| S|CS|TAMS 0x000000074d800000, 0x000000074d800000| Complete 
|  84|0x000000074da00000, 0x000000074da00000, 0x000000074dc00000|  0%| F|  |TAMS 0x000000074da00000, 0x000000074da00000| Untracked 
|  85|0x000000074dc00000, 0x000000074dc00000, 0x000000074de00000|  0%| F|  |TAMS 0x000000074dc00000, 0x000000074dc00000| Untracked 
|  86|0x000000074de00000, 0x000000074de00000, 0x000000074e000000|  0%| F|  |TAMS 0x000000074de00000, 0x000000074de00000| Untracked 
|  87|0x000000074e000000, 0x000000074e000000, 0x000000074e200000|  0%| F|  |TAMS 0x000000074e000000, 0x000000074e000000| Untracked 
|  88|0x000000074e200000, 0x000000074e200000, 0x000000074e400000|  0%| F|  |TAMS 0x000000074e200000, 0x000000074e200000| Untracked 
|  89|0x000000074e400000, 0x000000074e400000, 0x000000074e600000|  0%| F|  |TAMS 0x000000074e400000, 0x000000074e400000| Untracked 
|  90|0x000000074e600000, 0x000000074e600000, 0x000000074e800000|  0%| F|  |TAMS 0x000000074e600000, 0x000000074e600000| Untracked 
|  91|0x000000074e800000, 0x000000074e89a220, 0x000000074ea00000| 30%| E|  |TAMS 0x000000074e800000, 0x000000074e800000| Complete 
|  92|0x000000074ea00000, 0x000000074ec00000, 0x000000074ec00000|100%| E|CS|TAMS 0x000000074ea00000, 0x000000074ea00000| Complete 
|  93|0x000000074ec00000, 0x000000074ee00000, 0x000000074ee00000|100%| E|CS|TAMS 0x000000074ec00000, 0x000000074ec00000| Complete 
|  94|0x000000074ee00000, 0x000000074f000000, 0x000000074f000000|100%| E|CS|TAMS 0x000000074ee00000, 0x000000074ee00000| Complete 

Card table byte_map: [0x000002576f970000,0x000002576ff60000] _byte_map_base: 0x000002576bf57000

Marking Bits (Prev, Next): (CMBitMap*) 0x000002575cbe73a0, (CMBitMap*) 0x000002575cbe73e0
 Prev Bits: [0x0000025770550000, 0x0000025773488000)
 Next Bits: [0x0000025773490000, 0x00000257763c8000)

Polling page: 0x000002575c350000

Metaspace:

Usage:
  Non-class:     12.39 MB used.
      Class:      1.33 MB used.
       Both:     13.72 MB used.

Virtual space:
  Non-class space:       16.00 MB reserved,      12.44 MB ( 78%) committed,  2 nodes.
      Class space:        1.00 GB reserved,       1.44 MB ( <1%) committed,  1 nodes.
             Both:        1.02 GB reserved,      13.88 MB (  1%) committed. 

Chunk freelists:
   Non-Class:  2.98 MB
       Class:  2.61 MB
        Both:  5.59 MB

MaxMetaspaceSize: unlimited
CompressedClassSpaceSize: 1.00 GB
Initial GC threshold: 21.00 MB
Current GC threshold: 21.00 MB
CDS: off
MetaspaceReclaimPolicy: balanced
 - commit_granule_bytes: 65536.
 - commit_granule_words: 8192.
 - virtual_space_node_default_size: 1048576.
 - enlarge_chunks_in_place: 1.
 - new_chunks_are_fully_committed: 0.
 - uncommit_free_chunks: 1.
 - use_allocation_guard: 0.
 - handle_deallocations: 1.


Internal statistics:

num_allocs_failed_limit: 0.
num_arena_births: 6.
num_arena_deaths: 0.
num_vsnodes_births: 3.
num_vsnodes_deaths: 0.
num_space_committed: 222.
num_space_uncommitted: 0.
num_chunks_returned_to_freelist: 0.
num_chunks_taken_from_freelist: 227.
num_chunk_merges: 0.
num_chunk_splits: 204.
num_chunks_enlarged: 197.
num_purges: 0.
num_inconsistent_stats: 0.

CodeHeap 'non-profiled nmethods': size=120000Kb used=205Kb max_used=205Kb free=119794Kb
 bounds [0x0000025767b20000, 0x0000025767d90000, 0x000002576f050000]
CodeHeap 'profiled nmethods': size=120000Kb used=1468Kb max_used=1468Kb free=118531Kb
 bounds [0x0000025760050000, 0x00000257602c0000, 0x0000025767580000]
CodeHeap 'non-nmethods': size=5760Kb used=1154Kb max_used=1181Kb free=4605Kb
 bounds [0x0000025767580000, 0x00000257677f0000, 0x0000025767b20000]
 total_blobs=1242 nmethods=813 adapters=342
 compilation: enabled
              stopped_count=0, restarted_count=0
 full_count=0

Compilation events (20 events):
Event: 0.491 Thread 0x00000257798715f0 nmethod 730 0x000002576019a310 code [0x000002576019a4c0, 0x000002576019a7b8]
Event: 0.491 Thread 0x00000257798715f0  731       3       kotlin.reflect.jvm.internal.impl.protobuf.SmallSortedMap$EntryIterator::<init> (6 bytes)
Event: 0.491 Thread 0x00000257798715f0 nmethod 731 0x000002576019a910 code [0x000002576019aac0, 0x000002576019acf8]
Event: 0.491 Thread 0x00000257798715f0  721       3       java.util.ArrayList::grow (60 bytes)
Event: 0.491 Thread 0x00000257798715f0 nmethod 721 0x000002576019ae10 code [0x000002576019b000, 0x000002576019b678]
Event: 0.491 Thread 0x00000257798715f0  732       3       sun.reflect.generics.parser.SignatureParser::advance (53 bytes)
Event: 0.492 Thread 0x00000257798715f0 nmethod 732 0x000002576019b890 code [0x000002576019ba40, 0x000002576019bc98]
Event: 0.492 Thread 0x00000257798715f0  733       3       java.lang.PublicMethods$Key::matches (31 bytes)
Event: 0.493 Thread 0x00000257798715f0 nmethod 733 0x000002576019bd90 code [0x000002576019bf60, 0x000002576019c2d8]
Event: 0.495 Thread 0x00000257798707f0  734   !   4       java.util.zip.ZipFile$Source::getEntryPos (173 bytes)
Event: 0.497 Thread 0x00000257798715f0  735       1       java.lang.String::value (5 bytes)
Event: 0.497 Thread 0x00000257798715f0 nmethod 735 0x0000025767b50a10 code [0x0000025767b50ba0, 0x0000025767b50c78]
Event: 0.497 Thread 0x00000257798715f0  736       1       java.io.File::getPath (5 bytes)
Event: 0.497 Thread 0x00000257798715f0 nmethod 736 0x0000025767b50d10 code [0x0000025767b50ea0, 0x0000025767b50f78]
Event: 0.501 Thread 0x0000025779a7f320  737   !   4       java.util.zip.ZipFile::getEntry (59 bytes)
Event: 0.504 Thread 0x00000257798715f0  738       3       kotlin.reflect.jvm.internal.impl.protobuf.GeneratedMessageLite$ExtensionDescriptor::getLiteJavaType (8 bytes)
Event: 0.504 Thread 0x00000257798715f0 nmethod 738 0x000002576019c490 code [0x000002576019c620, 0x000002576019c7d8]
Event: 0.504 Thread 0x00000257798715f0  739       3       kotlin.reflect.jvm.internal.impl.protobuf.CodedInputStream::readRawVarint32 (233 bytes)
Event: 0.505 Thread 0x00000257798715f0 nmethod 739 0x000002576019c890 code [0x000002576019ca80, 0x000002576019d168]
Event: 0.505 Thread 0x00000257798715f0  740       3       kotlin.reflect.jvm.internal.impl.protobuf.SmallSortedMap::checkMutable (16 bytes)

GC Heap History (2 events):
Event: 0.443 GC heap before
{Heap before GC invocations=0 (full 0):
 garbage-first heap   total 194560K, used 24576K [0x0000000743200000, 0x0000000800000000)
  region size 2048K, 11 young (22528K), 0 survivors (0K)
 Metaspace       used 12874K, committed 12992K, reserved 1064960K
  class space    used 1226K, committed 1280K, reserved 1048576K
}
Event: 0.446 GC heap after
{Heap after GC invocations=1 (full 0):
 garbage-first heap   total 194560K, used 6784K [0x0000000743200000, 0x0000000800000000)
  region size 2048K, 2 young (4096K), 2 survivors (4096K)
 Metaspace       used 12874K, committed 12992K, reserved 1064960K
  class space    used 1226K, committed 1280K, reserved 1048576K
}

Dll operation events (1 events):
Event: 0.005 Loaded shared library C:\Program Files\Android\Android Studio\jbr\bin\java.dll

Deoptimization events (20 events):
Event: 0.169 Thread 0x000002575cb8ccb0 DEOPT PACKING pc=0x0000025760063f67 sp=0x00000096372fb870
Event: 0.169 Thread 0x000002575cb8ccb0 DEOPT UNPACKING pc=0x00000257675dace3 sp=0x00000096372fac90 mode 0
Event: 0.182 Thread 0x000002575cb8ccb0 DEOPT PACKING pc=0x00000257600632d1 sp=0x00000096372fd690
Event: 0.182 Thread 0x000002575cb8ccb0 DEOPT UNPACKING pc=0x00000257675dace3 sp=0x00000096372fcb08 mode 0
Event: 0.358 Thread 0x000002575cb8ccb0 DEOPT PACKING pc=0x00000257600e298b sp=0x00000096372f79f0
Event: 0.358 Thread 0x000002575cb8ccb0 DEOPT UNPACKING pc=0x00000257675dace3 sp=0x00000096372f6e50 mode 0
Event: 0.393 Thread 0x000002575cb8ccb0 DEOPT PACKING pc=0x000002576007bb56 sp=0x00000096372fb2a0
Event: 0.393 Thread 0x000002575cb8ccb0 DEOPT UNPACKING pc=0x00000257675dace3 sp=0x00000096372fa728 mode 0
Event: 0.408 Thread 0x000002575cb8ccb0 DEOPT PACKING pc=0x000002576009db48 sp=0x00000096372fcba0
Event: 0.408 Thread 0x000002575cb8ccb0 DEOPT UNPACKING pc=0x00000257675dace3 sp=0x00000096372fc0b8 mode 0
Event: 0.453 Thread 0x000002575cb8ccb0 DEOPT PACKING pc=0x000002576009a4e5 sp=0x00000096372fc0a0
Event: 0.453 Thread 0x000002575cb8ccb0 DEOPT UNPACKING pc=0x00000257675dace3 sp=0x00000096372fb4f0 mode 0
Event: 0.501 Thread 0x000002575cb8ccb0 Uncommon trap: trap_request=0xffffffc6 fr.pc=0x0000025767b50404 relative=0x0000000000000504
Event: 0.501 Thread 0x000002575cb8ccb0 Uncommon trap: reason=bimorphic_or_optimized_type_check action=maybe_recompile pc=0x0000025767b50404 method=kotlin.reflect.jvm.internal.impl.protobuf.CodedInputStream.tryRefillBuffer(I)Z @ 175 c2
Event: 0.501 Thread 0x000002575cb8ccb0 DEOPT PACKING pc=0x0000025767b50404 sp=0x00000096372fbfa0
Event: 0.501 Thread 0x000002575cb8ccb0 DEOPT UNPACKING pc=0x00000257675da1a3 sp=0x00000096372fbe88 mode 2
Event: 0.504 Thread 0x000002575cb8ccb0 Uncommon trap: trap_request=0xffffff45 fr.pc=0x0000025767b4bb08 relative=0x00000000000001e8
Event: 0.504 Thread 0x000002575cb8ccb0 Uncommon trap: reason=unstable_if action=reinterpret pc=0x0000025767b4bb08 method=kotlin.reflect.jvm.internal.impl.protobuf.CodedInputStream.readRawVarint32()I @ 10 c2
Event: 0.504 Thread 0x000002575cb8ccb0 DEOPT PACKING pc=0x0000025767b4bb08 sp=0x00000096372fb990
Event: 0.504 Thread 0x000002575cb8ccb0 DEOPT UNPACKING pc=0x00000257675da1a3 sp=0x00000096372fb910 mode 2

Classes unloaded (0 events):
No events

Classes redefined (0 events):
No events

Internal exceptions (0 events):
No events

VM Operations (8 events):
Event: 0.098 Executing VM operation: HandshakeAllThreads
Event: 0.098 Executing VM operation: HandshakeAllThreads done
Event: 0.192 Executing VM operation: HandshakeAllThreads
Event: 0.192 Executing VM operation: HandshakeAllThreads done
Event: 0.312 Executing VM operation: HandshakeAllThreads
Event: 0.312 Executing VM operation: HandshakeAllThreads done
Event: 0.443 Executing VM operation: G1CollectForAllocation
Event: 0.446 Executing VM operation: G1CollectForAllocation done

Events (20 events):
Event: 0.474 loading class jdk/internal/reflect/UnsafeQualifiedStaticFieldAccessorImpl done
Event: 0.474 loading class jdk/internal/reflect/UnsafeQualifiedStaticObjectFieldAccessorImpl done
Event: 0.491 loading class sun/reflect/generics/repository/ClassRepository
Event: 0.491 loading class sun/reflect/generics/repository/GenericDeclRepository
Event: 0.491 loading class sun/reflect/generics/repository/AbstractRepository
Event: 0.491 loading class sun/reflect/generics/repository/AbstractRepository done
Event: 0.491 loading class sun/reflect/generics/repository/GenericDeclRepository done
Event: 0.491 loading class sun/reflect/generics/repository/ClassRepository done
Event: 0.491 loading class sun/reflect/generics/tree/FormalTypeParameter
Event: 0.491 loading class sun/reflect/generics/tree/FormalTypeParameter done
Event: 0.491 loading class sun/reflect/generics/tree/ClassSignature
Event: 0.491 loading class sun/reflect/generics/tree/Signature
Event: 0.491 loading class sun/reflect/generics/tree/Signature done
Event: 0.491 loading class sun/reflect/generics/tree/ClassSignature done
Event: 0.491 loading class java/lang/reflect/TypeVariable
Event: 0.492 loading class java/lang/reflect/TypeVariable done
Event: 0.492 loading class java/lang/reflect/AnnotatedType
Event: 0.492 loading class java/lang/reflect/AnnotatedType done
Event: 0.499 loading class java/io/DataInputStream
Event: 0.499 loading class java/io/DataInputStream done


Dynamic libraries:
0x00007ff6c6c50000 - 0x00007ff6c6c5a000 	C:\Program Files\Android\Android Studio\jbr\bin\java.exe
0x00007ffa04210000 - 0x00007ffa04424000 	C:\windows\SYSTEM32\ntdll.dll
0x00007ffa023a0000 - 0x00007ffa02463000 	C:\windows\System32\KERNEL32.DLL
0x00007ffa01b10000 - 0x00007ffa01ead000 	C:\windows\System32\KERNELBASE.dll
0x00007ffa01eb0000 - 0x00007ffa01fc1000 	C:\windows\System32\ucrtbase.dll
0x00007ff9f3ad0000 - 0x00007ff9f3aeb000 	C:\Program Files\Android\Android Studio\jbr\bin\VCRUNTIME140.dll
0x00007ff9e42e0000 - 0x00007ff9e42f7000 	C:\Program Files\Android\Android Studio\jbr\bin\jli.dll
0x00007ffa02000000 - 0x00007ffa021ad000 	C:\windows\System32\USER32.dll
0x00007ff9e7ee0000 - 0x00007ff9e816e000 	C:\windows\WinSxS\amd64_microsoft.windows.common-controls_6595b64144ccf1df_6.0.22621.436_none_a94247dbc10d8414\COMCTL32.dll
0x00007ffa01fd0000 - 0x00007ffa01ff6000 	C:\windows\System32\win32u.dll
0x00007ffa028a0000 - 0x00007ffa02947000 	C:\windows\System32\msvcrt.dll
0x00007ffa041a0000 - 0x00007ffa041c9000 	C:\windows\System32\GDI32.dll
0x00007ffa01930000 - 0x00007ffa01a42000 	C:\windows\System32\gdi32full.dll
0x00007ffa01630000 - 0x00007ffa016ca000 	C:\windows\System32\msvcp_win.dll
0x00007ffa027b0000 - 0x00007ffa027e2000 	C:\windows\System32\IMM32.DLL
0x00007ff9fc680000 - 0x00007ff9fc68c000 	C:\Program Files\Android\Android Studio\jbr\bin\vcruntime140_1.dll
0x00007ff9db8f0000 - 0x00007ff9db97d000 	C:\Program Files\Android\Android Studio\jbr\bin\msvcp140.dll
0x00007ff974730000 - 0x00007ff97539e000 	C:\Program Files\Android\Android Studio\jbr\bin\server\jvm.dll
0x00007ffa02d00000 - 0x00007ffa02dae000 	C:\windows\System32\ADVAPI32.dll
0x00007ffa027f0000 - 0x00007ffa02894000 	C:\windows\System32\sechost.dll
0x00007ffa025b0000 - 0x00007ffa026c5000 	C:\windows\System32\RPCRT4.dll
0x00007ff9e30e0000 - 0x00007ff9e30e9000 	C:\windows\SYSTEM32\WSOCK32.dll
0x00007ff9f9060000 - 0x00007ff9f906a000 	C:\windows\SYSTEM32\VERSION.dll
0x00007ff9f9ae0000 - 0x00007ff9f9b14000 	C:\windows\SYSTEM32\WINMM.dll
0x00007ffa03d30000 - 0x00007ffa03da1000 	C:\windows\System32\WS2_32.dll
0x00007ffa006e0000 - 0x00007ffa006f8000 	C:\windows\SYSTEM32\kernel.appcore.dll
0x00007ff9f38c0000 - 0x00007ff9f38ca000 	C:\Program Files\Android\Android Studio\jbr\bin\jimage.dll
0x00007ff9feac0000 - 0x00007ff9fecee000 	C:\windows\SYSTEM32\DBGHELP.DLL
0x00007ffa02960000 - 0x00007ffa02cea000 	C:\windows\System32\combase.dll
0x00007ffa026d0000 - 0x00007ffa027a7000 	C:\windows\System32\OLEAUT32.dll
0x00007ff9e75e0000 - 0x00007ff9e7612000 	C:\windows\SYSTEM32\dbgcore.DLL
0x00007ffa01840000 - 0x00007ffa018bb000 	C:\windows\System32\bcryptPrimitives.dll
0x00007ff9f37b0000 - 0x00007ff9f37d5000 	C:\Program Files\Android\Android Studio\jbr\bin\java.dll
0x00007ff9f3170000 - 0x00007ff9f3188000 	C:\Program Files\Android\Android Studio\jbr\bin\zip.dll
0x00007ffa02eb0000 - 0x00007ffa0369f000 	C:\windows\System32\SHELL32.dll
0x00007ff9ff610000 - 0x00007ff9ffed8000 	C:\windows\SYSTEM32\windows.storage.dll
0x00007ff9ff4d0000 - 0x00007ff9ff60e000 	C:\windows\SYSTEM32\wintypes.dll
0x00007ffa03f00000 - 0x00007ffa03ff1000 	C:\windows\System32\SHCORE.dll
0x00007ffa02dd0000 - 0x00007ffa02e2e000 	C:\windows\System32\shlwapi.dll
0x00007ffa01560000 - 0x00007ffa01581000 	C:\windows\SYSTEM32\profapi.dll
0x00007ff9f3130000 - 0x00007ff9f3149000 	C:\Program Files\Android\Android Studio\jbr\bin\net.dll
0x00007ff9fbed0000 - 0x00007ff9fbfff000 	C:\windows\SYSTEM32\WINHTTP.dll
0x00007ffa00be0000 - 0x00007ffa00c49000 	C:\windows\system32\mswsock.dll
0x00007ff9e4300000 - 0x00007ff9e4316000 	C:\Program Files\Android\Android Studio\jbr\bin\nio.dll

dbghelp: loaded successfully - version: 4.0.5 - missing functions: none
symbol engine: initialized successfully - sym options: 0x614 - pdb path: .;C:\Program Files\Android\Android Studio\jbr\bin;C:\windows\SYSTEM32;C:\windows\WinSxS\amd64_microsoft.windows.common-controls_6595b64144ccf1df_6.0.22621.436_none_a94247dbc10d8414;C:\Program Files\Android\Android Studio\jbr\bin\server

VM Arguments:
java_command: org.jetbrains.kotlin.cli.jvm.K2JVMCompiler @D:\Users\frank\AndroidStudioProjects\Madoh\app\build\20231126_3974421120958959564.compiler.options
java_class_path (initial): C:\Users\frank\.gradle\caches\modules-2\files-2.1\org.jetbrains.kotlin\kotlin-compiler-embeddable\1.8.10\b0757fd774344d54ce93f5ad6c30ba1c1731c8ff\kotlin-compiler-embeddable-1.8.10.jar;C:\Users\frank\.gradle\caches\modules-2\files-2.1\org.jetbrains.kotlin\kotlin-stdlib\1.8.10\6d5560a229477df9406943d5feda5618e98eb64c\kotlin-stdlib-1.8.10.jar;C:\Users\frank\.gradle\caches\modules-2\files-2.1\org.jetbrains.kotlin\kotlin-script-runtime\1.8.10\b13ea9c7e46d589139e56086a878763290e20bd5\kotlin-script-runtime-1.8.10.jar;C:\Users\frank\.gradle\caches\modules-2\files-2.1\org.jetbrains.kotlin\kotlin-reflect\1.6.10\1cbe9c92c12a94eea200d23c2bbaedaf3daf5132\kotlin-reflect-1.6.10.jar;C:\Users\frank\.gradle\caches\modules-2\files-2.1\org.jetbrains.kotlin\kotlin-daemon-embeddable\1.8.10\ad8541d9bc1cf9e52c3204161247910c2cf601d4\kotlin-daemon-embeddable-1.8.10.jar;C:\Users\frank\.gradle\caches\modules-2\files-2.1\org.jetbrains.intellij.deps\trove4j\1.0.20200330\3afb14d5f9ceb459d724e907a21145e8ff394f02\trove4j-1.0.20200330.jar;C:\Users\frank\.gradle\caches\modules-2\files-2.1\net.java.dev.jna\jna\5.6.0\330f2244e9030119ab3030fc3fededc86713d9cc\jna-5.6.0.jar;C:\Users\frank\.gradle\caches\modules-2\files-2.1\org.jetbrains.kotlin\kotlin-stdlib-common\1.8.10\a61b182458550492c12aee66157d7b524a63a5ec\kotlin-stdlib-common-1.8.10.jar;C:\Users\frank\.gradle\caches\modules-2\files-2.1\org.jetbrains\annotations\13.0\919f0dfe192fb4e063e7dacadee7f8bb9a2672a9\annotations-13.0.jar
Launcher Type: SUN_STANDARD

[Global flags]
     intx CICompilerCount                          = 4                                         {product} {ergonomic}
     uint ConcGCThreads                            = 2                                         {product} {ergonomic}
     uint G1ConcRefinementThreads                  = 8                                         {product} {ergonomic}
   size_t G1HeapRegionSize                         = 2097152                                   {product} {ergonomic}
    uintx GCDrainStackTargetSize                   = 64                                        {product} {ergonomic}
   size_t InitialHeapSize                          = 199229440                                 {product} {ergonomic}
   size_t MarkStackSize                            = 4194304                                   {product} {ergonomic}
   size_t MaxHeapSize                              = 3168796672                                {product} {ergonomic}
   size_t MaxNewSize                               = 1900019712                                {product} {ergonomic}
   size_t MinHeapDeltaBytes                        = 2097152                                   {product} {ergonomic}
   size_t MinHeapSize                              = 8388608                                   {product} {ergonomic}
    uintx NonNMethodCodeHeapSize                   = 5839372                                {pd product} {ergonomic}
    uintx NonProfiledCodeHeapSize                  = 122909434                              {pd product} {ergonomic}
    uintx ProfiledCodeHeapSize                     = 122909434                              {pd product} {ergonomic}
    uintx ReservedCodeCacheSize                    = 251658240                              {pd product} {ergonomic}
     bool SegmentedCodeCache                       = true                                      {product} {ergonomic}
   size_t SoftMaxHeapSize                          = 3168796672                             {manageable} {ergonomic}
     bool UseCompressedClassPointers               = true                           {product lp64_product} {ergonomic}
     bool UseCompressedOops                        = true                           {product lp64_product} {ergonomic}
     bool UseG1GC                                  = true                                      {product} {ergonomic}
     bool UseLargePagesIndividualAllocation        = false                                  {pd product} {ergonomic}

Logging:
Log output configuration:
 #0: stdout all=warning uptime,level,tags
 #1: stderr all=off uptime,level,tags

Environment Variables:
JAVA_HOME=C:\Program Files\Java\jdk-17.0.2
PATH=C:\Program Files\Common Files\Oracle\Java\javapath;C:\Program Files (x86)\Common Files\Oracle\Java\javapath;C:\windows\system32;C:\windows;C:\windows\System32\Wbem;C:\windows\System32\WindowsPowerShell\v1.0\;C:\windows\System32\OpenSSH\;C:\Program Files\Git\cmd;C:\Program Files\nodejs\;C:\Program Files\dotnet\;F:\xampp\php;C:\ProgramData\ComposerSetup\bin;C:\Program Files\PuTTY\;D:\Program Files\Crucial\Crucial Storage Executive;D:\Program Files (x86)\GTK2-Runtime\lib;C:\Program Files\MySQL\MySQL Shell 8.0\bin\;C:\Users\frank\AppData\Local\Programs\Microsoft VS Code\bin;C:\Users\frank\AppData\Roaming\npm;C:\Users\frank\AppData\Local\Programs\Python\Python39\;C:\Users\frank\AppData\Local\Programs\Python\Python39\Scripts\;C:\Users\frank\AppData\Local\Microsoft\WindowsApps;D:\Tools\flutter\bin;C:\Users\frank\AppData\Local\Pub\Cache\bin;F:\Program Files\JetBrains\IntelliJ IDEA Community Edition 2022.1\bin;;C:\Program Files\JetBrains\IntelliJ IDEA 2022.1.2\bin;;C:\Program Files\JetBrains\PyCharm 2023.2.1\bin;;C:\Users\frank\AppData\Roaming\Composer\vendor\bin;C:\Program Files\JetBrains\PhpStorm 2022.2.3\bin;;C:\Users\frank\AppData\Local\GitHubDesktop\bin;C:\Users\frank\AppData\Local\Google\Cloud SDK\google-cloud-sdk\bin;C:\Users\frank\AppData\Local\Android\Sdk\platform-tools;C:\Program Files\Java\jdk-17.0.2\bin;C:\Program Files\MongoDB\Server\6.0\bin;C:\Program Files\MySQL\MySQL Server 8.0\bin;
USERNAME=frank
OS=Windows_NT
PROCESSOR_IDENTIFIER=Intel64 Family 6 Model 140 Stepping 1, GenuineIntel
TMP=C:\Users\frank\AppData\Local\Temp
TEMP=C:\Users\frank\AppData\Local\Temp


JNI global refs:
JNI global refs: 8, weak refs: 3

JNI global refs memory usage: 843, weak refs: 841


---------------  S Y S T E M  ---------------

OS:
 Windows 11 , 64 bit Build 22621 (10.0.22621.1037)
OS uptime: 2 days 13:49 hours
Hyper-V role detected

CPU: total 8 (initial active 8) (4 cores per cpu, 2 threads per core) family 6 model 140 stepping 1 microcode 0xa6, cx8, cmov, fxsr, ht, mmx, 3dnowpref, sse, sse2, sse3, ssse3, sse4.1, sse4.2, popcnt, lzcnt, tsc, tscinvbit, avx, avx2, aes, erms, clmul, bmi1, bmi2, adx, avx512f, avx512dq, avx512cd, avx512bw, avx512vl, sha, fma, vzeroupper, avx512_vpopcntdq, avx512_vpclmulqdq, avx512_vaes, avx512_vnni, clflush, clflushopt, clwb, avx512_vbmi2, avx512_vbmi, hv

Memory: 4k page, system-wide physical 12087M (385M free)
TotalPageFile size 41180M (AvailPageFile size 1M)
current process WorkingSet (physical memory assigned to process): 80M, peak: 80M
current process commit charge ("private bytes"): 288M, peak: 288M

vm_info: OpenJDK 64-Bit Server VM (17.0.6+0-b2043.56-10027231) for windows-amd64 JRE (17.0.6+0-b2043.56-10027231), built on Apr 28 2023 00:43:19 by "androidbuild" with MS VC++ 16.10 / 16.11 (VS2019)

END.
